[2026-02-16T12:48:59.231Z] [31MERROR[39M: uncaughtException: Cannot find module '/app/src/infra/database/database.config'
Require stack:
- /app/dist/infra/passport/passport.js
- /app/dist/app.js
- /app/dist/server.js
Error: Cannot find module '/app/src/infra/database/database.config'
Require stack:
- /app/dist/infra/passport/passport.js
- /app/dist/app.js
- /app/dist/server.js
    at Function.<anonymous> (node:internal/modules/cjs/loader:1383:15)
    at Module._resolveFilename (/app/node_modules/module-alias/index.js:49:29)
    at defaultResolveImpl (node:internal/modules/cjs/loader:1025:19)
    at resolveForCJSWithHooks (node:internal/modules/cjs/loader:1030:22)
    at Function._load (node:internal/modules/cjs/loader:1192:37)
    at TracingChannel.traceSync (node:diagnostics_channel:328:14)
    at wrapModuleLoad (node:internal/modules/cjs/loader:237:24)
    at Module.require (node:internal/modules/cjs/loader:1463:12)
    at require (node:internal/modules/helpers:147:16)
    at Object.<anonymous> (/app/dist/infra/passport/passport.js:20:43)
[2026-02-16T12:51:47.424Z] [31MERROR[39M: uncaughtException: Cannot find module '/app/src/infra/database/database.config'
Require stack:
- /app/dist/infra/passport/passport.js
- /app/dist/app.js
- /app/dist/server.js
Error: Cannot find module '/app/src/infra/database/database.config'
Require stack:
- /app/dist/infra/passport/passport.js
- /app/dist/app.js
- /app/dist/server.js
    at Function.<anonymous> (node:internal/modules/cjs/loader:1383:15)
    at Module._resolveFilename (/app/node_modules/module-alias/index.js:49:29)
    at defaultResolveImpl (node:internal/modules/cjs/loader:1025:19)
    at resolveForCJSWithHooks (node:internal/modules/cjs/loader:1030:22)
    at Function._load (node:internal/modules/cjs/loader:1192:37)
    at TracingChannel.traceSync (node:diagnostics_channel:328:14)
    at wrapModuleLoad (node:internal/modules/cjs/loader:237:24)
    at Module.require (node:internal/modules/cjs/loader:1463:12)
    at require (node:internal/modules/helpers:147:16)
    at Object.<anonymous> (/app/dist/infra/passport/passport.js:20:43)
[2026-02-16T12:51:51.963Z] [31MERROR[39M: uncaughtException: Cannot find module '/app/src/infra/database/database.config'
Require stack:
- /app/dist/infra/passport/passport.js
- /app/dist/app.js
- /app/dist/server.js
Error: Cannot find module '/app/src/infra/database/database.config'
Require stack:
- /app/dist/infra/passport/passport.js
- /app/dist/app.js
- /app/dist/server.js
    at Function.<anonymous> (node:internal/modules/cjs/loader:1383:15)
    at Module._resolveFilename (/app/node_modules/module-alias/index.js:49:29)
    at defaultResolveImpl (node:internal/modules/cjs/loader:1025:19)
    at resolveForCJSWithHooks (node:internal/modules/cjs/loader:1030:22)
    at Function._load (node:internal/modules/cjs/loader:1192:37)
    at TracingChannel.traceSync (node:diagnostics_channel:328:14)
    at wrapModuleLoad (node:internal/modules/cjs/loader:237:24)
    at Module.require (node:internal/modules/cjs/loader:1463:12)
    at require (node:internal/modules/helpers:147:16)
    at Object.<anonymous> (/app/dist/infra/passport/passport.js:20:43)
[2026-02-16T13:07:04.146Z] [31MERROR[39M: uncaughtException: Cannot find module '/app/src/infra/database/database.config'
Require stack:
- /app/dist/infra/passport/passport.js
- /app/dist/app.js
- /app/dist/server.js
Error: Cannot find module '/app/src/infra/database/database.config'
Require stack:
- /app/dist/infra/passport/passport.js
- /app/dist/app.js
- /app/dist/server.js
    at Function.<anonymous> (node:internal/modules/cjs/loader:1383:15)
    at Module._resolveFilename (/app/node_modules/module-alias/index.js:49:29)
    at defaultResolveImpl (node:internal/modules/cjs/loader:1025:19)
    at resolveForCJSWithHooks (node:internal/modules/cjs/loader:1030:22)
    at Function._load (node:internal/modules/cjs/loader:1192:37)
    at TracingChannel.traceSync (node:diagnostics_channel:328:14)
    at wrapModuleLoad (node:internal/modules/cjs/loader:237:24)
    at Module.require (node:internal/modules/cjs/loader:1463:12)
    at require (node:internal/modules/helpers:147:16)
    at Object.<anonymous> (/app/dist/infra/passport/passport.js:20:43)
[2026-02-16T13:09:11.461Z] [31MERROR[39M: uncaughtException: Cannot find module '/app/src/infra/database/database.config'
Require stack:
- /app/dist/infra/passport/passport.js
- /app/dist/app.js
- /app/dist/server.js
Error: Cannot find module '/app/src/infra/database/database.config'
Require stack:
- /app/dist/infra/passport/passport.js
- /app/dist/app.js
- /app/dist/server.js
    at Function.<anonymous> (node:internal/modules/cjs/loader:1383:15)
    at Module._resolveFilename (/app/node_modules/module-alias/index.js:49:29)
    at defaultResolveImpl (node:internal/modules/cjs/loader:1025:19)
    at resolveForCJSWithHooks (node:internal/modules/cjs/loader:1030:22)
    at Function._load (node:internal/modules/cjs/loader:1192:37)
    at TracingChannel.traceSync (node:diagnostics_channel:328:14)
    at wrapModuleLoad (node:internal/modules/cjs/loader:237:24)
    at Module.require (node:internal/modules/cjs/loader:1463:12)
    at require (node:internal/modules/helpers:147:16)
    at Object.<anonymous> (/app/dist/infra/passport/passport.js:20:43)
[2026-02-16T13:09:22.473Z] [31MERROR[39M: uncaughtException: Cannot find module '/app/src/infra/database/database.config'
Require stack:
- /app/dist/infra/passport/passport.js
- /app/dist/app.js
- /app/dist/server.js
Error: Cannot find module '/app/src/infra/database/database.config'
Require stack:
- /app/dist/infra/passport/passport.js
- /app/dist/app.js
- /app/dist/server.js
    at Function.<anonymous> (node:internal/modules/cjs/loader:1383:15)
    at Module._resolveFilename (/app/node_modules/module-alias/index.js:49:29)
    at defaultResolveImpl (node:internal/modules/cjs/loader:1025:19)
    at resolveForCJSWithHooks (node:internal/modules/cjs/loader:1030:22)
    at Function._load (node:internal/modules/cjs/loader:1192:37)
    at TracingChannel.traceSync (node:diagnostics_channel:328:14)
    at wrapModuleLoad (node:internal/modules/cjs/loader:237:24)
    at Module.require (node:internal/modules/cjs/loader:1463:12)
    at require (node:internal/modules/helpers:147:16)
    at Object.<anonymous> (/app/dist/infra/passport/passport.js:20:43)
[2026-02-16T13:18:59.292Z] [31MERROR[39M: uncaughtException: Cannot find module '/app/src/infra/database/database.config'
Require stack:
- /app/dist/infra/passport/passport.js
- /app/dist/app.js
- /app/dist/server.js
Error: Cannot find module '/app/src/infra/database/database.config'
Require stack:
- /app/dist/infra/passport/passport.js
- /app/dist/app.js
- /app/dist/server.js
    at Function.<anonymous> (node:internal/modules/cjs/loader:1383:15)
    at Module._resolveFilename (/app/node_modules/module-alias/index.js:49:29)
    at defaultResolveImpl (node:internal/modules/cjs/loader:1025:19)
    at resolveForCJSWithHooks (node:internal/modules/cjs/loader:1030:22)
    at Function._load (node:internal/modules/cjs/loader:1192:37)
    at TracingChannel.traceSync (node:diagnostics_channel:328:14)
    at wrapModuleLoad (node:internal/modules/cjs/loader:237:24)
    at Module.require (node:internal/modules/cjs/loader:1463:12)
    at require (node:internal/modules/helpers:147:16)
    at Object.<anonymous> (/app/dist/infra/passport/passport.js:20:43)
